<?xml version="1.0" encoding="UTF-8"?>
<testsuite xmlns:xsi="http://www.w3.org/2001/XMLSchema-instance" xsi:noNamespaceSchemaLocation="https://maven.apache.org/surefire/maven-surefire-plugin/xsd/surefire-test-report.xsd" name="org.apache.cxf.sts.war.PasswordCallbackHandlerTest" time="0" tests="2" errors="0" skipped="0" failures="0">
  <properties>
    <property name="gopherProxySet" value="false"/>
    <property name="awt.toolkit" value="sun.lwawt.macosx.LWCToolkit"/>
    <property name="file.encoding.pkg" value="sun.io"/>
    <property name="java.specification.version" value="1.8"/>
    <property name="sun.cpu.isalist" value=""/>
    <property name="sun.jnu.encoding" value="UTF-8"/>
    <property name="java.class.path" value="/Users/mika/dev/sts/sts-war/target/test-classes:/Users/mika/dev/sts/sts-war/target/classes:/Users/mika/.m2/repository/org/apache/cxf/services/sts/cxf-services-sts-core/3.2.4/cxf-services-sts-core-3.2.4.jar:/Users/mika/.m2/repository/org/apache/cxf/cxf-rt-ws-security/3.2.4/cxf-rt-ws-security-3.2.4.jar:/Users/mika/.m2/repository/org/apache/cxf/cxf-rt-security-saml/3.2.4/cxf-rt-security-saml-3.2.4.jar:/Users/mika/.m2/repository/net/sf/ehcache/ehcache/2.10.4/ehcache-2.10.4.jar:/Users/mika/.m2/repository/org/apache/wss4j/wss4j-ws-security-dom/2.2.1/wss4j-ws-security-dom-2.2.1.jar:/Users/mika/.m2/repository/org/apache/wss4j/wss4j-ws-security-common/2.2.1/wss4j-ws-security-common-2.2.1.jar:/Users/mika/.m2/repository/org/apache/santuario/xmlsec/2.1.1/xmlsec-2.1.1.jar:/Users/mika/.m2/repository/commons-codec/commons-codec/1.11/commons-codec-1.11.jar:/Users/mika/.m2/repository/org/opensaml/opensaml-saml-impl/3.3.0/opensaml-saml-impl-3.3.0.jar:/Users/mika/.m2/repository/org/opensaml/opensaml-profile-api/3.3.0/opensaml-profile-api-3.3.0.jar:/Users/mika/.m2/repository/org/opensaml/opensaml-core/3.3.0/opensaml-core-3.3.0.jar:/Users/mika/.m2/repository/io/dropwizard/metrics/metrics-core/3.1.2/metrics-core-3.1.2.jar:/Users/mika/.m2/repository/org/opensaml/opensaml-saml-api/3.3.0/opensaml-saml-api-3.3.0.jar:/Users/mika/.m2/repository/org/opensaml/opensaml-xmlsec-api/3.3.0/opensaml-xmlsec-api-3.3.0.jar:/Users/mika/.m2/repository/org/opensaml/opensaml-soap-api/3.3.0/opensaml-soap-api-3.3.0.jar:/Users/mika/.m2/repository/org/opensaml/opensaml-security-impl/3.3.0/opensaml-security-impl-3.3.0.jar:/Users/mika/.m2/repository/org/opensaml/opensaml-security-api/3.3.0/opensaml-security-api-3.3.0.jar:/Users/mika/.m2/repository/org/cryptacular/cryptacular/1.1.1/cryptacular-1.1.1.jar:/Users/mika/.m2/repository/org/bouncycastle/bcprov-jdk15on/1.54/bcprov-jdk15on-1.54.jar:/Users/mika/.m2/repository/org/opensaml/opensaml-xmlsec-impl/3.3.0/opensaml-xmlsec-impl-3.3.0.jar:/Users/mika/.m2/repository/net/shibboleth/utilities/java-support/7.3.0/java-support-7.3.0.jar:/Users/mika/.m2/repository/com/google/guava/guava/19.0/guava-19.0.jar:/Users/mika/.m2/repository/joda-time/joda-time/2.9/joda-time-2.9.jar:/Users/mika/.m2/repository/org/opensaml/opensaml-xacml-impl/3.3.0/opensaml-xacml-impl-3.3.0.jar:/Users/mika/.m2/repository/org/opensaml/opensaml-xacml-api/3.3.0/opensaml-xacml-api-3.3.0.jar:/Users/mika/.m2/repository/org/opensaml/opensaml-xacml-saml-impl/3.3.0/opensaml-xacml-saml-impl-3.3.0.jar:/Users/mika/.m2/repository/org/opensaml/opensaml-xacml-saml-api/3.3.0/opensaml-xacml-saml-api-3.3.0.jar:/Users/mika/.m2/repository/org/jasypt/jasypt/1.9.2/jasypt-1.9.2.jar:/Users/mika/.m2/repository/org/apache/geronimo/javamail/geronimo-javamail_1.4_mail/1.8.4/geronimo-javamail_1.4_mail-1.8.4.jar:/Users/mika/.m2/repository/org/apache/wss4j/wss4j-policy/2.2.1/wss4j-policy-2.2.1.jar:/Users/mika/.m2/repository/org/apache/wss4j/wss4j-ws-security-stax/2.2.1/wss4j-ws-security-stax-2.2.1.jar:/Users/mika/.m2/repository/org/apache/wss4j/wss4j-bindings/2.2.1/wss4j-bindings-2.2.1.jar:/Users/mika/.m2/repository/org/apache/wss4j/wss4j-ws-security-policy-stax/2.2.1/wss4j-ws-security-policy-stax-2.2.1.jar:/Users/mika/.m2/repository/org/apache/cxf/cxf-rt-ws-addr/3.2.4/cxf-rt-ws-addr-3.2.4.jar:/Users/mika/.m2/repository/org/apache/cxf/cxf-rt-rs-security-jose/3.2.4/cxf-rt-rs-security-jose-3.2.4.jar:/Users/mika/.m2/repository/org/apache/cxf/cxf-rt-security/3.2.4/cxf-rt-security-3.2.4.jar:/Users/mika/.m2/repository/org/apache/cxf/cxf-rt-rs-json-basic/3.2.4/cxf-rt-rs-json-basic-3.2.4.jar:/Users/mika/.m2/repository/org/apache/cxf/cxf-rt-transports-http/3.2.4/cxf-rt-transports-http-3.2.4.jar:/Users/mika/.m2/repository/org/apache/cxf/cxf-core/3.2.4/cxf-core-3.2.4.jar:/Users/mika/.m2/repository/com/fasterxml/woodstox/woodstox-core/5.0.3/woodstox-core-5.0.3.jar:/Users/mika/.m2/repository/org/apache/ws/xmlschema/xmlschema-core/2.2.3/xmlschema-core-2.2.3.jar:/Users/mika/.m2/repository/org/apache/cxf/cxf-rt-frontend-jaxws/3.2.4/cxf-rt-frontend-jaxws-3.2.4.jar:/Users/mika/.m2/repository/xml-resolver/xml-resolver/1.2/xml-resolver-1.2.jar:/Users/mika/.m2/repository/org/ow2/asm/asm/5.2/asm-5.2.jar:/Users/mika/.m2/repository/org/apache/cxf/cxf-rt-bindings-soap/3.2.4/cxf-rt-bindings-soap-3.2.4.jar:/Users/mika/.m2/repository/org/apache/cxf/cxf-rt-wsdl/3.2.4/cxf-rt-wsdl-3.2.4.jar:/Users/mika/.m2/repository/org/apache/cxf/cxf-rt-databinding-jaxb/3.2.4/cxf-rt-databinding-jaxb-3.2.4.jar:/Users/mika/.m2/repository/org/apache/cxf/cxf-rt-bindings-xml/3.2.4/cxf-rt-bindings-xml-3.2.4.jar:/Users/mika/.m2/repository/org/apache/cxf/cxf-rt-frontend-simple/3.2.4/cxf-rt-frontend-simple-3.2.4.jar:/Users/mika/.m2/repository/org/apache/cxf/cxf-rt-ws-policy/3.2.4/cxf-rt-ws-policy-3.2.4.jar:/Users/mika/.m2/repository/wsdl4j/wsdl4j/1.6.3/wsdl4j-1.6.3.jar:/Users/mika/.m2/repository/org/apache/neethi/neethi/3.1.1/neethi-3.1.1.jar:/Users/mika/.m2/repository/org/apache/cxf/cxf-rt-ws-mex/3.2.4/cxf-rt-ws-mex-3.2.4.jar:/Users/mika/.m2/repository/org/slf4j/slf4j-jdk14/1.7.12/slf4j-jdk14-1.7.12.jar:/Users/mika/.m2/repository/org/slf4j/slf4j-api/1.7.12/slf4j-api-1.7.12.jar:/Users/mika/.m2/repository/org/springframework/spring-context/4.3.14.RELEASE/spring-context-4.3.14.RELEASE.jar:/Users/mika/.m2/repository/org/springframework/spring-aop/4.3.14.RELEASE/spring-aop-4.3.14.RELEASE.jar:/Users/mika/.m2/repository/org/springframework/spring-beans/4.3.14.RELEASE/spring-beans-4.3.14.RELEASE.jar:/Users/mika/.m2/repository/org/springframework/spring-core/4.3.14.RELEASE/spring-core-4.3.14.RELEASE.jar:/Users/mika/.m2/repository/commons-logging/commons-logging/1.2/commons-logging-1.2.jar:/Users/mika/.m2/repository/org/springframework/spring-expression/4.3.14.RELEASE/spring-expression-4.3.14.RELEASE.jar:/Users/mika/.m2/repository/org/springframework/spring-webmvc/4.3.14.RELEASE/spring-webmvc-4.3.14.RELEASE.jar:/Users/mika/.m2/repository/org/springframework/spring-web/4.3.14.RELEASE/spring-web-4.3.14.RELEASE.jar:/Users/mika/.m2/repository/org/apache/cxf/cxf-rt-frontend-jaxrs/3.2.4/cxf-rt-frontend-jaxrs-3.2.4.jar:/Users/mika/.m2/repository/javax/ws/rs/javax.ws.rs-api/2.1/javax.ws.rs-api-2.1.jar:/Users/mika/.m2/repository/javax/annotation/javax.annotation-api/1.3/javax.annotation-api-1.3.jar:/Users/mika/.m2/repository/com/fasterxml/jackson/jaxrs/jackson-jaxrs-xml-provider/2.9.3/jackson-jaxrs-xml-provider-2.9.3.jar:/Users/mika/.m2/repository/com/fasterxml/jackson/jaxrs/jackson-jaxrs-base/2.9.3/jackson-jaxrs-base-2.9.3.jar:/Users/mika/.m2/repository/com/fasterxml/jackson/core/jackson-core/2.9.3/jackson-core-2.9.3.jar:/Users/mika/.m2/repository/com/fasterxml/jackson/core/jackson-databind/2.9.3/jackson-databind-2.9.3.jar:/Users/mika/.m2/repository/com/fasterxml/jackson/dataformat/jackson-dataformat-xml/2.9.3/jackson-dataformat-xml-2.9.3.jar:/Users/mika/.m2/repository/com/fasterxml/jackson/core/jackson-annotations/2.9.0/jackson-annotations-2.9.0.jar:/Users/mika/.m2/repository/com/fasterxml/jackson/module/jackson-module-jaxb-annotations/2.9.3/jackson-module-jaxb-annotations-2.9.3.jar:/Users/mika/.m2/repository/org/codehaus/woodstox/stax2-api/3.1.4/stax2-api-3.1.4.jar:/Users/mika/.m2/repository/org/codehaus/woodstox/woodstox-core-asl/4.4.1/woodstox-core-asl-4.4.1.jar:/Users/mika/.m2/repository/javax/xml/stream/stax-api/1.0-2/stax-api-1.0-2.jar:/Users/mika/.m2/repository/com/fasterxml/jackson/jaxrs/jackson-jaxrs-json-provider/2.9.3/jackson-jaxrs-json-provider-2.9.3.jar:/Users/mika/.m2/repository/junit/junit/4.12/junit-4.12.jar:/Users/mika/.m2/repository/org/hamcrest/hamcrest-core/1.3/hamcrest-core-1.3.jar:/Users/mika/.m2/repository/org/easymock/easymock/3.1/easymock-3.1.jar:/Users/mika/.m2/repository/cglib/cglib-nodep/2.2.2/cglib-nodep-2.2.2.jar:/Users/mika/.m2/repository/org/objenesis/objenesis/1.2/objenesis-1.2.jar:"/>
    <property name="java.vm.vendor" value="Oracle Corporation"/>
    <property name="sun.arch.data.model" value="64"/>
    <property name="java.vendor.url" value="http://java.oracle.com/"/>
    <property name="user.timezone" value=""/>
    <property name="java.vm.specification.version" value="1.8"/>
    <property name="os.name" value="Mac OS X"/>
    <property name="user.country" value="CH"/>
    <property name="sun.java.launcher" value="SUN_STANDARD"/>
    <property name="sun.boot.library.path" value="/Library/Java/JavaVirtualMachines/adoptopenjdk-8.jdk/Contents/Home/jre/lib"/>
    <property name="sun.java.command" value="/Users/mika/dev/sts/sts-war/target/surefire/surefirebooter4015638216934512249.jar /Users/mika/dev/sts/sts-war/target/surefire 2019-03-28T21-43-02_275-jvmRun1 surefire65164929799072005tmp surefire_0692876190302834428tmp"/>
    <property name="http.nonProxyHosts" value="local|*.local|169.254/16|*.169.254/16"/>
    <property name="surefire.test.class.path" value="/Users/mika/dev/sts/sts-war/target/test-classes:/Users/mika/dev/sts/sts-war/target/classes:/Users/mika/.m2/repository/org/apache/cxf/services/sts/cxf-services-sts-core/3.2.4/cxf-services-sts-core-3.2.4.jar:/Users/mika/.m2/repository/org/apache/cxf/cxf-rt-ws-security/3.2.4/cxf-rt-ws-security-3.2.4.jar:/Users/mika/.m2/repository/org/apache/cxf/cxf-rt-security-saml/3.2.4/cxf-rt-security-saml-3.2.4.jar:/Users/mika/.m2/repository/net/sf/ehcache/ehcache/2.10.4/ehcache-2.10.4.jar:/Users/mika/.m2/repository/org/apache/wss4j/wss4j-ws-security-dom/2.2.1/wss4j-ws-security-dom-2.2.1.jar:/Users/mika/.m2/repository/org/apache/wss4j/wss4j-ws-security-common/2.2.1/wss4j-ws-security-common-2.2.1.jar:/Users/mika/.m2/repository/org/apache/santuario/xmlsec/2.1.1/xmlsec-2.1.1.jar:/Users/mika/.m2/repository/commons-codec/commons-codec/1.11/commons-codec-1.11.jar:/Users/mika/.m2/repository/org/opensaml/opensaml-saml-impl/3.3.0/opensaml-saml-impl-3.3.0.jar:/Users/mika/.m2/repository/org/opensaml/opensaml-profile-api/3.3.0/opensaml-profile-api-3.3.0.jar:/Users/mika/.m2/repository/org/opensaml/opensaml-core/3.3.0/opensaml-core-3.3.0.jar:/Users/mika/.m2/repository/io/dropwizard/metrics/metrics-core/3.1.2/metrics-core-3.1.2.jar:/Users/mika/.m2/repository/org/opensaml/opensaml-saml-api/3.3.0/opensaml-saml-api-3.3.0.jar:/Users/mika/.m2/repository/org/opensaml/opensaml-xmlsec-api/3.3.0/opensaml-xmlsec-api-3.3.0.jar:/Users/mika/.m2/repository/org/opensaml/opensaml-soap-api/3.3.0/opensaml-soap-api-3.3.0.jar:/Users/mika/.m2/repository/org/opensaml/opensaml-security-impl/3.3.0/opensaml-security-impl-3.3.0.jar:/Users/mika/.m2/repository/org/opensaml/opensaml-security-api/3.3.0/opensaml-security-api-3.3.0.jar:/Users/mika/.m2/repository/org/cryptacular/cryptacular/1.1.1/cryptacular-1.1.1.jar:/Users/mika/.m2/repository/org/bouncycastle/bcprov-jdk15on/1.54/bcprov-jdk15on-1.54.jar:/Users/mika/.m2/repository/org/opensaml/opensaml-xmlsec-impl/3.3.0/opensaml-xmlsec-impl-3.3.0.jar:/Users/mika/.m2/repository/net/shibboleth/utilities/java-support/7.3.0/java-support-7.3.0.jar:/Users/mika/.m2/repository/com/google/guava/guava/19.0/guava-19.0.jar:/Users/mika/.m2/repository/joda-time/joda-time/2.9/joda-time-2.9.jar:/Users/mika/.m2/repository/org/opensaml/opensaml-xacml-impl/3.3.0/opensaml-xacml-impl-3.3.0.jar:/Users/mika/.m2/repository/org/opensaml/opensaml-xacml-api/3.3.0/opensaml-xacml-api-3.3.0.jar:/Users/mika/.m2/repository/org/opensaml/opensaml-xacml-saml-impl/3.3.0/opensaml-xacml-saml-impl-3.3.0.jar:/Users/mika/.m2/repository/org/opensaml/opensaml-xacml-saml-api/3.3.0/opensaml-xacml-saml-api-3.3.0.jar:/Users/mika/.m2/repository/org/jasypt/jasypt/1.9.2/jasypt-1.9.2.jar:/Users/mika/.m2/repository/org/apache/geronimo/javamail/geronimo-javamail_1.4_mail/1.8.4/geronimo-javamail_1.4_mail-1.8.4.jar:/Users/mika/.m2/repository/org/apache/wss4j/wss4j-policy/2.2.1/wss4j-policy-2.2.1.jar:/Users/mika/.m2/repository/org/apache/wss4j/wss4j-ws-security-stax/2.2.1/wss4j-ws-security-stax-2.2.1.jar:/Users/mika/.m2/repository/org/apache/wss4j/wss4j-bindings/2.2.1/wss4j-bindings-2.2.1.jar:/Users/mika/.m2/repository/org/apache/wss4j/wss4j-ws-security-policy-stax/2.2.1/wss4j-ws-security-policy-stax-2.2.1.jar:/Users/mika/.m2/repository/org/apache/cxf/cxf-rt-ws-addr/3.2.4/cxf-rt-ws-addr-3.2.4.jar:/Users/mika/.m2/repository/org/apache/cxf/cxf-rt-rs-security-jose/3.2.4/cxf-rt-rs-security-jose-3.2.4.jar:/Users/mika/.m2/repository/org/apache/cxf/cxf-rt-security/3.2.4/cxf-rt-security-3.2.4.jar:/Users/mika/.m2/repository/org/apache/cxf/cxf-rt-rs-json-basic/3.2.4/cxf-rt-rs-json-basic-3.2.4.jar:/Users/mika/.m2/repository/org/apache/cxf/cxf-rt-transports-http/3.2.4/cxf-rt-transports-http-3.2.4.jar:/Users/mika/.m2/repository/org/apache/cxf/cxf-core/3.2.4/cxf-core-3.2.4.jar:/Users/mika/.m2/repository/com/fasterxml/woodstox/woodstox-core/5.0.3/woodstox-core-5.0.3.jar:/Users/mika/.m2/repository/org/apache/ws/xmlschema/xmlschema-core/2.2.3/xmlschema-core-2.2.3.jar:/Users/mika/.m2/repository/org/apache/cxf/cxf-rt-frontend-jaxws/3.2.4/cxf-rt-frontend-jaxws-3.2.4.jar:/Users/mika/.m2/repository/xml-resolver/xml-resolver/1.2/xml-resolver-1.2.jar:/Users/mika/.m2/repository/org/ow2/asm/asm/5.2/asm-5.2.jar:/Users/mika/.m2/repository/org/apache/cxf/cxf-rt-bindings-soap/3.2.4/cxf-rt-bindings-soap-3.2.4.jar:/Users/mika/.m2/repository/org/apache/cxf/cxf-rt-wsdl/3.2.4/cxf-rt-wsdl-3.2.4.jar:/Users/mika/.m2/repository/org/apache/cxf/cxf-rt-databinding-jaxb/3.2.4/cxf-rt-databinding-jaxb-3.2.4.jar:/Users/mika/.m2/repository/org/apache/cxf/cxf-rt-bindings-xml/3.2.4/cxf-rt-bindings-xml-3.2.4.jar:/Users/mika/.m2/repository/org/apache/cxf/cxf-rt-frontend-simple/3.2.4/cxf-rt-frontend-simple-3.2.4.jar:/Users/mika/.m2/repository/org/apache/cxf/cxf-rt-ws-policy/3.2.4/cxf-rt-ws-policy-3.2.4.jar:/Users/mika/.m2/repository/wsdl4j/wsdl4j/1.6.3/wsdl4j-1.6.3.jar:/Users/mika/.m2/repository/org/apache/neethi/neethi/3.1.1/neethi-3.1.1.jar:/Users/mika/.m2/repository/org/apache/cxf/cxf-rt-ws-mex/3.2.4/cxf-rt-ws-mex-3.2.4.jar:/Users/mika/.m2/repository/org/slf4j/slf4j-jdk14/1.7.12/slf4j-jdk14-1.7.12.jar:/Users/mika/.m2/repository/org/slf4j/slf4j-api/1.7.12/slf4j-api-1.7.12.jar:/Users/mika/.m2/repository/org/springframework/spring-context/4.3.14.RELEASE/spring-context-4.3.14.RELEASE.jar:/Users/mika/.m2/repository/org/springframework/spring-aop/4.3.14.RELEASE/spring-aop-4.3.14.RELEASE.jar:/Users/mika/.m2/repository/org/springframework/spring-beans/4.3.14.RELEASE/spring-beans-4.3.14.RELEASE.jar:/Users/mika/.m2/repository/org/springframework/spring-core/4.3.14.RELEASE/spring-core-4.3.14.RELEASE.jar:/Users/mika/.m2/repository/commons-logging/commons-logging/1.2/commons-logging-1.2.jar:/Users/mika/.m2/repository/org/springframework/spring-expression/4.3.14.RELEASE/spring-expression-4.3.14.RELEASE.jar:/Users/mika/.m2/repository/org/springframework/spring-webmvc/4.3.14.RELEASE/spring-webmvc-4.3.14.RELEASE.jar:/Users/mika/.m2/repository/org/springframework/spring-web/4.3.14.RELEASE/spring-web-4.3.14.RELEASE.jar:/Users/mika/.m2/repository/org/apache/cxf/cxf-rt-frontend-jaxrs/3.2.4/cxf-rt-frontend-jaxrs-3.2.4.jar:/Users/mika/.m2/repository/javax/ws/rs/javax.ws.rs-api/2.1/javax.ws.rs-api-2.1.jar:/Users/mika/.m2/repository/javax/annotation/javax.annotation-api/1.3/javax.annotation-api-1.3.jar:/Users/mika/.m2/repository/com/fasterxml/jackson/jaxrs/jackson-jaxrs-xml-provider/2.9.3/jackson-jaxrs-xml-provider-2.9.3.jar:/Users/mika/.m2/repository/com/fasterxml/jackson/jaxrs/jackson-jaxrs-base/2.9.3/jackson-jaxrs-base-2.9.3.jar:/Users/mika/.m2/repository/com/fasterxml/jackson/core/jackson-core/2.9.3/jackson-core-2.9.3.jar:/Users/mika/.m2/repository/com/fasterxml/jackson/core/jackson-databind/2.9.3/jackson-databind-2.9.3.jar:/Users/mika/.m2/repository/com/fasterxml/jackson/dataformat/jackson-dataformat-xml/2.9.3/jackson-dataformat-xml-2.9.3.jar:/Users/mika/.m2/repository/com/fasterxml/jackson/core/jackson-annotations/2.9.0/jackson-annotations-2.9.0.jar:/Users/mika/.m2/repository/com/fasterxml/jackson/module/jackson-module-jaxb-annotations/2.9.3/jackson-module-jaxb-annotations-2.9.3.jar:/Users/mika/.m2/repository/org/codehaus/woodstox/stax2-api/3.1.4/stax2-api-3.1.4.jar:/Users/mika/.m2/repository/org/codehaus/woodstox/woodstox-core-asl/4.4.1/woodstox-core-asl-4.4.1.jar:/Users/mika/.m2/repository/javax/xml/stream/stax-api/1.0-2/stax-api-1.0-2.jar:/Users/mika/.m2/repository/com/fasterxml/jackson/jaxrs/jackson-jaxrs-json-provider/2.9.3/jackson-jaxrs-json-provider-2.9.3.jar:/Users/mika/.m2/repository/junit/junit/4.12/junit-4.12.jar:/Users/mika/.m2/repository/org/hamcrest/hamcrest-core/1.3/hamcrest-core-1.3.jar:/Users/mika/.m2/repository/org/easymock/easymock/3.1/easymock-3.1.jar:/Users/mika/.m2/repository/cglib/cglib-nodep/2.2.2/cglib-nodep-2.2.2.jar:/Users/mika/.m2/repository/org/objenesis/objenesis/1.2/objenesis-1.2.jar:"/>
    <property name="sun.cpu.endian" value="little"/>
    <property name="user.home" value="/Users/mika"/>
    <property name="user.language" value="en"/>
    <property name="java.specification.vendor" value="Oracle Corporation"/>
    <property name="java.home" value="/Library/Java/JavaVirtualMachines/adoptopenjdk-8.jdk/Contents/Home/jre"/>
    <property name="basedir" value="/Users/mika/dev/sts/sts-war"/>
    <property name="file.separator" value="/"/>
    <property name="line.separator" value="&#10;"/>
    <property name="java.vm.specification.vendor" value="Oracle Corporation"/>
    <property name="java.specification.name" value="Java Platform API Specification"/>
    <property name="java.awt.graphicsenv" value="sun.awt.CGraphicsEnvironment"/>
    <property name="surefire.real.class.path" value="/Users/mika/dev/sts/sts-war/target/surefire/surefirebooter4015638216934512249.jar"/>
    <property name="sun.boot.class.path" value="/Library/Java/JavaVirtualMachines/adoptopenjdk-8.jdk/Contents/Home/jre/lib/resources.jar:/Library/Java/JavaVirtualMachines/adoptopenjdk-8.jdk/Contents/Home/jre/lib/rt.jar:/Library/Java/JavaVirtualMachines/adoptopenjdk-8.jdk/Contents/Home/jre/lib/sunrsasign.jar:/Library/Java/JavaVirtualMachines/adoptopenjdk-8.jdk/Contents/Home/jre/lib/jsse.jar:/Library/Java/JavaVirtualMachines/adoptopenjdk-8.jdk/Contents/Home/jre/lib/jce.jar:/Library/Java/JavaVirtualMachines/adoptopenjdk-8.jdk/Contents/Home/jre/lib/charsets.jar:/Library/Java/JavaVirtualMachines/adoptopenjdk-8.jdk/Contents/Home/jre/lib/jfr.jar:/Library/Java/JavaVirtualMachines/adoptopenjdk-8.jdk/Contents/Home/jre/classes"/>
    <property name="sun.management.compiler" value="HotSpot 64-Bit Tiered Compilers"/>
    <property name="ftp.nonProxyHosts" value="local|*.local|169.254/16|*.169.254/16"/>
    <property name="java.runtime.version" value="1.8.0_192-b12"/>
    <property name="user.name" value="mika"/>
    <property name="path.separator" value=":"/>
    <property name="os.version" value="10.14"/>
    <property name="java.endorsed.dirs" value="/Library/Java/JavaVirtualMachines/adoptopenjdk-8.jdk/Contents/Home/jre/lib/endorsed"/>
    <property name="java.runtime.name" value="OpenJDK Runtime Environment"/>
    <property name="file.encoding" value="UTF-8"/>
    <property name="java.vm.name" value="OpenJDK 64-Bit Server VM"/>
    <property name="localRepository" value="/Users/mika/.m2/repository"/>
    <property name="java.vendor.url.bug" value="http://bugreport.sun.com/bugreport/"/>
    <property name="java.io.tmpdir" value="/var/folders/fp/z66qrzn548308jkgp22tdw_r0000gn/T/"/>
    <property name="java.version" value="1.8.0_192"/>
    <property name="user.dir" value="/Users/mika/dev/sts/sts-war"/>
    <property name="os.arch" value="x86_64"/>
    <property name="java.vm.specification.name" value="Java Virtual Machine Specification"/>
    <property name="java.awt.printerjob" value="sun.lwawt.macosx.CPrinterJob"/>
    <property name="sun.os.patch.level" value="unknown"/>
    <property name="java.library.path" value="/Users/mika/Library/Java/Extensions:/Library/Java/Extensions:/Network/Library/Java/Extensions:/System/Library/Java/Extensions:/usr/lib/java:."/>
    <property name="java.vm.info" value="mixed mode"/>
    <property name="java.vendor" value="Oracle Corporation"/>
    <property name="java.vm.version" value="25.192-b12"/>
    <property name="java.ext.dirs" value="/Users/mika/Library/Java/Extensions:/Library/Java/JavaVirtualMachines/adoptopenjdk-8.jdk/Contents/Home/jre/lib/ext:/Library/Java/Extensions:/Network/Library/Java/Extensions:/System/Library/Java/Extensions:/usr/lib/java"/>
    <property name="sun.io.unicode.encoding" value="UnicodeBig"/>
    <property name="java.class.version" value="52.0"/>
    <property name="socksNonProxyHosts" value="local|*.local|169.254/16|*.169.254/16"/>
  </properties>
  <testcase name="testPasswordCallbackHandler" classname="org.apache.cxf.sts.war.PasswordCallbackHandlerTest" time="0"/>
  <testcase name="testPasswordCallbackHandlerNotCorrectIdentifier" classname="org.apache.cxf.sts.war.PasswordCallbackHandlerTest" time="0"/>
</testsuite>